Arguments: 
  C:\Program Files\nodejs\node.exe C:\Users\Jay Gujarathi\AppData\Roaming\npm\node_modules\yarn\bin\yarn.js add dotenc

PATH: 
  C:\Program Files\Python310\Scripts\;C:\Program Files\Python310\;C:\WINDOWS\system32;C:\WINDOWS;C:\WINDOWS\System32\Wbem;C:\WINDOWS\System32\WindowsPowerShell\v1.0\;C:\WINDOWS\System32\OpenSSH\;C:\Users\Jay Gujarathi\AppData\Local\Programs\Python\Launcher\;C:\Users\Jay Gujarathi\AppData\Roaming\Python\Python310\Scripts\;C:\Program Files\Git\cmd;C:\Program Files\nodejs\;C:\Users\Jay Gujarathi\AppData\Local\Programs\Python\Launcher\;C:\Users\Jay Gujarathi\AppData\Local\Microsoft\WindowsApps;C:\Users\Jay Gujarathi\AppData\Roaming\Python\Python310\Scripts\;C:\Users\Jay Gujarathi\Microsoft VS Code\bin;C:\Users\Jay Gujarathi\AppData\Local\GitHubDesktop\bin;C:\Users\Jay Gujarathi\AppData\Roaming\npm

Yarn version: 
  1.22.19

Node version: 
  18.12.1

Platform: 
  win32 x64

Trace: 
  Error: https://registry.yarnpkg.com/dotenc: Not found
      at params.callback [as _callback] (C:\Users\Jay Gujarathi\AppData\Roaming\npm\node_modules\yarn\lib\cli.js:66145:18)
      at self.callback (C:\Users\Jay Gujarathi\AppData\Roaming\npm\node_modules\yarn\lib\cli.js:140890:22)
      at Request.emit (node:events:513:28)
      at Request.<anonymous> (C:\Users\Jay Gujarathi\AppData\Roaming\npm\node_modules\yarn\lib\cli.js:141862:10)
      at Request.emit (node:events:513:28)
      at IncomingMessage.<anonymous> (C:\Users\Jay Gujarathi\AppData\Roaming\npm\node_modules\yarn\lib\cli.js:141784:12)
      at Object.onceWrapper (node:events:627:28)
      at IncomingMessage.emit (node:events:525:35)
      at endReadableNT (node:internal/streams/readable:1359:12)
      at process.processTicksAndRejections (node:internal/process/task_queues:82:21)

npm manifest: 
  No manifest

yarn manifest: 
  No manifest

Lockfile: 
  No lockfile
